<?xml version="1.0" encoding="UTF-8"?>
<!-- Generated by org.testng.reporters.JUnitReportReporter -->
<testsuite skipped="0" hostname="DESKTOP-VO7B2M6" name="org.testing.testScripts.TC3" tests="1" failures="0" timestamp="2022-01-23T16:23:19 IST" time="0.097" errors="0">
  <testcase name="TestCase3" time="0.097" classname="org.testing.testScripts.TC3"/>
  <system-out/>
</testsuite> <!-- org.testing.testScripts.TC3 -->
