<?xml version="1.0" encoding="UTF-8"?>
<!-- Generated by org.testng.reporters.JUnitReportReporter -->
<testsuite skipped="0" hostname="DESKTOP-VO7B2M6" name="org.testing.testScripts.TC2" tests="1" failures="0" timestamp="2022-01-23T16:23:19 IST" time="1.758" errors="0">
  <testcase name="TestCase2" time="1.758" classname="org.testing.testScripts.TC2"/>
  <system-out/>
</testsuite> <!-- org.testing.testScripts.TC2 -->
